c:\users\phong\documents\visual studio 2019\project\windowsproject1\legendcoffeapp\release\vc142.pdb
c:\users\phong\documents\visual studio 2019\project\windowsproject1\legendcoffeapp\release\mysocket.obj
c:\users\phong\documents\visual studio 2019\project\windowsproject1\legendcoffeapp\release\myfilereader.obj
c:\users\phong\documents\visual studio 2019\project\windowsproject1\legendcoffeapp\release\legendcoffeapp.obj
c:\users\phong\documents\visual studio 2019\project\windowsproject1\legendcoffeapp\release\initui.obj
c:\users\phong\documents\visual studio 2019\project\windowsproject1\release\config.json
c:\users\phong\documents\visual studio 2019\project\windowsproject1\release\popding.wav
c:\users\phong\documents\visual studio 2019\project\windowsproject1\release\legendcoffeapp.exe
c:\users\phong\documents\visual studio 2019\project\windowsproject1\legendcoffeapp\release\legendcoffeapp.ipdb
c:\users\phong\documents\visual studio 2019\project\windowsproject1\legendcoffeapp\release\legendcoffeapp.iobj
c:\users\phong\documents\visual studio 2019\project\windowsproject1\release\legendcoffeapp.pdb
c:\users\phong\documents\visual studio 2019\project\windowsproject1\legendcoffeapp\release\legendcoffeapp.res
c:\users\phong\documents\visual studio 2019\project\windowsproject1\legendcoffeapp\release\legendcoffeapp.tlog\cl.command.1.tlog
c:\users\phong\documents\visual studio 2019\project\windowsproject1\legendcoffeapp\release\legendcoffeapp.tlog\cl.read.1.tlog
c:\users\phong\documents\visual studio 2019\project\windowsproject1\legendcoffeapp\release\legendcoffeapp.tlog\cl.write.1.tlog
c:\users\phong\documents\visual studio 2019\project\windowsproject1\legendcoffeapp\release\legendcoffeapp.tlog\copyfile.command.1.tlog
c:\users\phong\documents\visual studio 2019\project\windowsproject1\legendcoffeapp\release\legendcoffeapp.tlog\copyfile.read.1.tlog
c:\users\phong\documents\visual studio 2019\project\windowsproject1\legendcoffeapp\release\legendcoffeapp.tlog\copyfile.write.1.tlog
c:\users\phong\documents\visual studio 2019\project\windowsproject1\legendcoffeapp\release\legendcoffeapp.tlog\link.command.1.tlog
c:\users\phong\documents\visual studio 2019\project\windowsproject1\legendcoffeapp\release\legendcoffeapp.tlog\link.read.1.tlog
c:\users\phong\documents\visual studio 2019\project\windowsproject1\legendcoffeapp\release\legendcoffeapp.tlog\link.write.1.tlog
c:\users\phong\documents\visual studio 2019\project\windowsproject1\legendcoffeapp\release\legendcoffeapp.tlog\rc.command.1.tlog
c:\users\phong\documents\visual studio 2019\project\windowsproject1\legendcoffeapp\release\legendcoffeapp.tlog\rc.read.1.tlog
c:\users\phong\documents\visual studio 2019\project\windowsproject1\legendcoffeapp\release\legendcoffeapp.tlog\rc.write.1.tlog
