c:\users\phong\documents\visual studio 2019\project\windowsproject1\legendcoffeapp\debug\vc142.pdb
c:\users\phong\documents\visual studio 2019\project\windowsproject1\legendcoffeapp\debug\vc142.idb
c:\users\phong\documents\visual studio 2019\project\windowsproject1\legendcoffeapp\debug\mysocket.obj
c:\users\phong\documents\visual studio 2019\project\windowsproject1\legendcoffeapp\debug\myfilereader.obj
c:\users\phong\documents\visual studio 2019\project\windowsproject1\legendcoffeapp\debug\legendcoffeapp.obj
c:\users\phong\documents\visual studio 2019\project\windowsproject1\legendcoffeapp\debug\initui.obj
c:\users\phong\documents\visual studio 2019\project\windowsproject1\debug\config.json
c:\users\phong\documents\visual studio 2019\project\windowsproject1\debug\popding.wav
c:\users\phong\documents\visual studio 2019\project\windowsproject1\debug\popding.mp3
c:\users\phong\documents\visual studio 2019\project\windowsproject1\debug\legendcoffeapp.exe
c:\users\phong\documents\visual studio 2019\project\windowsproject1\legendcoffeapp\debug\legendcoffeapp.ilk
c:\users\phong\documents\visual studio 2019\project\windowsproject1\debug\legendcoffeapp.pdb
c:\users\phong\documents\visual studio 2019\project\windowsproject1\legendcoffeapp\debug\legendcoffeapp.res
c:\users\phong\documents\visual studio 2019\project\windowsproject1\legendcoffeapp\debug\legendcoffeapp.tlog\cl.command.1.tlog
c:\users\phong\documents\visual studio 2019\project\windowsproject1\legendcoffeapp\debug\legendcoffeapp.tlog\cl.read.1.tlog
c:\users\phong\documents\visual studio 2019\project\windowsproject1\legendcoffeapp\debug\legendcoffeapp.tlog\cl.write.1.tlog
c:\users\phong\documents\visual studio 2019\project\windowsproject1\legendcoffeapp\debug\legendcoffeapp.tlog\copyfile.command.1.tlog
c:\users\phong\documents\visual studio 2019\project\windowsproject1\legendcoffeapp\debug\legendcoffeapp.tlog\copyfile.read.1.tlog
c:\users\phong\documents\visual studio 2019\project\windowsproject1\legendcoffeapp\debug\legendcoffeapp.tlog\copyfile.write.1.tlog
c:\users\phong\documents\visual studio 2019\project\windowsproject1\legendcoffeapp\debug\legendcoffeapp.tlog\link.command.1.tlog
c:\users\phong\documents\visual studio 2019\project\windowsproject1\legendcoffeapp\debug\legendcoffeapp.tlog\link.read.1.tlog
c:\users\phong\documents\visual studio 2019\project\windowsproject1\legendcoffeapp\debug\legendcoffeapp.tlog\link.write.1.tlog
c:\users\phong\documents\visual studio 2019\project\windowsproject1\legendcoffeapp\debug\legendcoffeapp.tlog\rc.command.1.tlog
c:\users\phong\documents\visual studio 2019\project\windowsproject1\legendcoffeapp\debug\legendcoffeapp.tlog\rc.read.1.tlog
c:\users\phong\documents\visual studio 2019\project\windowsproject1\legendcoffeapp\debug\legendcoffeapp.tlog\rc.write.1.tlog
